{"C:\\Users\\22710\\Desktop\\test\\jest\\jest-starter\\src\\utils\\sum.js": {"path":"C:\\Users\\22710\\Desktop\\test\\jest\\jest-starter\\src\\utils\\sum.js","all":false,"statementMap":{"0":{"start":{"line":1,"column":0},"end":{"line":1,"column":19}},"1":{"start":{"line":2,"column":0},"end":{"line":2,"column":23}},"2":{"start":{"line":3,"column":0},"end":{"line":3,"column":17}},"3":{"start":{"line":4,"column":0},"end":{"line":4,"column":1}},"4":{"start":{"line":5,"column":0},"end":{"line":5,"column":0}},"5":{"start":{"line":6,"column":0},"end":{"line":6,"column":21}}},"s":{"0":1,"1":1,"2":1,"3":1,"4":1,"5":1},"branchMap":{"0":{"type":"branch","line":1,"loc":{"start":{"line":1,"column":0},"end":{"line":6,"column":21}},"locations":[{"start":{"line":1,"column":0},"end":{"line":6,"column":21}}]},"1":{"type":"branch","line":1,"loc":{"start":{"line":1,"column":0},"end":{"line":6,"column":21}},"locations":[{"start":{"line":1,"column":0},"end":{"line":6,"column":21}}]},"2":{"type":"branch","line":2,"loc":{"start":{"line":2,"column":12},"end":{"line":4,"column":1}},"locations":[{"start":{"line":2,"column":12},"end":{"line":4,"column":1}}]}},"b":{"0":[1],"1":[1],"2":[1]},"fnMap":{"0":{"name":"Object.<anonymous>","decl":{"start":{"line":1,"column":0},"end":{"line":6,"column":21}},"loc":{"start":{"line":1,"column":0},"end":{"line":6,"column":21}},"line":1},"1":{"name":"sum","decl":{"start":{"line":2,"column":12},"end":{"line":4,"column":1}},"loc":{"start":{"line":2,"column":12},"end":{"line":4,"column":1}},"line":2}},"f":{"0":1,"1":1}}
,"C:\\Users\\22710\\Desktop\\test\\jest\\jest-starter\\src\\utilsts\\storage.ts": {"path":"C:\\Users\\22710\\Desktop\\test\\jest\\jest-starter\\src\\utilsts\\storage.ts","all":false,"statementMap":{"0":{"start":{"line":1,"column":0},"end":{"line":1,"column":24}},"1":{"start":{"line":2,"column":0},"end":{"line":2,"column":24}},"2":{"start":{"line":3,"column":0},"end":{"line":3,"column":38}},"3":{"start":{"line":4,"column":0},"end":{"line":4,"column":45}},"4":{"start":{"line":5,"column":0},"end":{"line":5,"column":2}},"5":{"start":{"line":6,"column":0},"end":{"line":6,"column":38}},"6":{"start":{"line":7,"column":0},"end":{"line":7,"column":45}},"7":{"start":{"line":8,"column":0},"end":{"line":8,"column":1}},"8":{"start":{"line":9,"column":0},"end":{"line":9,"column":16}},"9":{"start":{"line":10,"column":0},"end":{"line":10,"column":8}},"10":{"start":{"line":11,"column":0},"end":{"line":11,"column":8}},"11":{"start":{"line":12,"column":0},"end":{"line":12,"column":2}},"12":{"start":{"line":13,"column":0},"end":{"line":13,"column":13}},"13":{"start":{"line":14,"column":0},"end":{"line":14,"column":24}}},"s":{"0":1,"1":1,"2":1,"3":1,"4":1,"5":1,"6":0,"7":0,"8":1,"9":1,"10":1,"11":1,"12":1,"13":1},"branchMap":{"0":{"type":"branch","line":3,"loc":{"start":{"line":3,"column":10},"end":{"line":5,"column":2}},"locations":[{"start":{"line":3,"column":10},"end":{"line":5,"column":2}}]}},"b":{"0":[1]},"fnMap":{"0":{"name":"set","decl":{"start":{"line":3,"column":10},"end":{"line":5,"column":2}},"loc":{"start":{"line":3,"column":10},"end":{"line":5,"column":2}},"line":3},"1":{"name":"get","decl":{"start":{"line":6,"column":10},"end":{"line":8,"column":1}},"loc":{"start":{"line":6,"column":10},"end":{"line":8,"column":1}},"line":6}},"f":{"0":1,"1":0}}
,"C:\\Users\\22710\\Desktop\\test\\jest\\jest-starter\\src\\utilsts\\sum.ts": {"path":"C:\\Users\\22710\\Desktop\\test\\jest\\jest-starter\\src\\utilsts\\sum.ts","all":false,"statementMap":{"0":{"start":{"line":1,"column":0},"end":{"line":1,"column":9}},"1":{"start":{"line":2,"column":0},"end":{"line":2,"column":39}},"2":{"start":{"line":3,"column":0},"end":{"line":3,"column":17}},"3":{"start":{"line":4,"column":0},"end":{"line":4,"column":1}},"4":{"start":{"line":5,"column":0},"end":{"line":5,"column":0}},"5":{"start":{"line":6,"column":0},"end":{"line":6,"column":19}}},"s":{"0":1,"1":1,"2":1,"3":1,"4":1,"5":1},"branchMap":{"0":{"type":"branch","line":2,"loc":{"start":{"line":2,"column":12},"end":{"line":4,"column":1}},"locations":[{"start":{"line":2,"column":12},"end":{"line":4,"column":1}}]}},"b":{"0":[1]},"fnMap":{"0":{"name":"sum","decl":{"start":{"line":2,"column":12},"end":{"line":4,"column":1}},"loc":{"start":{"line":2,"column":12},"end":{"line":4,"column":1}},"line":2}},"f":{"0":1}}
}
