TN:
SF:src\utils\sum.js
FN:1,Object.<anonymous>
FN:2,sum
FNF:2
FNH:2
FNDA:1,Object.<anonymous>
FNDA:1,sum
DA:1,1
DA:2,1
DA:3,1
DA:4,1
DA:5,1
DA:6,1
LF:6
LH:6
BRDA:1,0,0,1
BRDA:1,1,0,1
BRDA:2,2,0,1
BRF:3
BRH:3
end_of_record
TN:
SF:src\utilsts\storage.ts
FN:3,set
FN:6,get
FNF:2
FNH:1
FNDA:1,set
FNDA:0,get
DA:1,1
DA:2,1
DA:3,1
DA:4,1
DA:5,1
DA:6,1
DA:7,0
DA:8,0
DA:9,1
DA:10,1
DA:11,1
DA:12,1
DA:13,1
DA:14,1
LF:14
LH:12
BRDA:3,0,0,1
BRF:1
BRH:1
end_of_record
TN:
SF:src\utilsts\sum.ts
FN:2,sum
FNF:1
FNH:1
FNDA:1,sum
DA:1,1
DA:2,1
DA:3,1
DA:4,1
DA:5,1
DA:6,1
LF:6
LH:6
BRDA:2,0,0,1
BRF:1
BRH:1
end_of_record
